Logfile initialized
[INFO] logfile = C:\Users\Jonas\My Documents\Titanium_Studio_Workspace\SausSingle\build.log
[DEBUG] C:\Users\Jonas\AppData\Roaming\Titanium\mobilesdk\win32\2.1.3.GA\android\builder.py simulator SausSingle C:\Users\Jonas\AppData\Local\Android\android-sdk\ C:\Users\Jonas\My Documents\Titanium_Studio_Workspace\SausSingle SausSingle 7 HVGA
[INFO] Building SausSingle for Android ... one moment
[DEBUG] signal caught: 3
[DEBUG] calling emulator kill on 5808
[INFO] Titanium SDK version: 2.1.3 (10/02/12 16:16 15997d0)
[DEBUG] Waiting for device to be ready ...
[TRACE] adb devices returned 0 devices/emulators
[TRACE] adb devices returned 0 devices/emulators
[TRACE] adb devices returned 0 devices/emulators
[TRACE] adb devices returned 0 devices/emulators
[TRACE] adb devices returned 1 devices/emulators
[TRACE] adb devices returned 1 devices/emulators
[TRACE] adb devices returned 1 devices/emulators
[TRACE] adb devices returned 1 devices/emulators
[TRACE] adb devices returned 1 devices/emulators
[TRACE] adb devices returned 1 devices/emulators
[TRACE] adb devices returned 1 devices/emulators
[TRACE] adb devices returned 1 devices/emulators
[TRACE] adb devices returned 1 devices/emulators
[TRACE] adb devices returned 1 devices/emulators
[TRACE] adb devices returned 1 devices/emulators
[TRACE] adb devices returned 1 devices/emulators
[DEBUG] Device connected... (waited 75 seconds)
[DEBUG] waited 76.276000 seconds on emulator to get ready
[INFO] Waiting for the Android Emulator to become available
[DEBUG] SausSingle installed? False
[INFO] Fastdev server running, deploying in Fastdev mode
[INFO] Copying CommonJS modules...
[INFO] Copying project resources..
[INFO] Detected change in tiapp.xml, or assets deleted. Forcing full re-build...
[TRACE] COPYING CREATED FILE: C:\Users\Jonas\My Documents\Titanium_Studio_Workspace\SausSingle\Resources\android\appicon.png => C:\Users\Jonas\My Documents\Titanium_Studio_Workspace\SausSingle\build\android\bin\assets\Resources\appicon.png
[TRACE] COPYING CREATED FILE: C:\Users\Jonas\My Documents\Titanium_Studio_Workspace\SausSingle\Resources\android\default.png => C:\Users\Jonas\My Documents\Titanium_Studio_Workspace\SausSingle\build\android\bin\assets\Resources\default.png
[TRACE] COPYING CREATED FILE: C:\Users\Jonas\My Documents\Titanium_Studio_Workspace\SausSingle\Resources\app.js => C:\Users\Jonas\My Documents\Titanium_Studio_Workspace\SausSingle\build\android\bin\assets\Resources\app.js
[TRACE] COPYING CREATED FILE: C:\Users\Jonas\My Documents\Titanium_Studio_Workspace\SausSingle\Resources\images\peter.jpg => C:\Users\Jonas\My Documents\Titanium_Studio_Workspace\SausSingle\build\android\bin\assets\Resources\images\peter.jpg
[TRACE] COPYING CREATED FILE: C:\Users\Jonas\My Documents\Titanium_Studio_Workspace\SausSingle\Resources\KS_nav_ui.png => C:\Users\Jonas\My Documents\Titanium_Studio_Workspace\SausSingle\build\android\bin\assets\Resources\KS_nav_ui.png
[TRACE] COPYING CREATED FILE: C:\Users\Jonas\My Documents\Titanium_Studio_Workspace\SausSingle\Resources\KS_nav_views.png => C:\Users\Jonas\My Documents\Titanium_Studio_Workspace\SausSingle\build\android\bin\assets\Resources\KS_nav_views.png
[TRACE] COPYING CREATED FILE: C:\Users\Jonas\My Documents\Titanium_Studio_Workspace\SausSingle\Resources\ui\common\WelcomeView.js => C:\Users\Jonas\My Documents\Titanium_Studio_Workspace\SausSingle\build\android\bin\assets\Resources\ui\common\WelcomeView.js
[TRACE] COPYING CREATED FILE: C:\Users\Jonas\My Documents\Titanium_Studio_Workspace\SausSingle\Resources\ui\handheld\android\ApplicationWindow.js => C:\Users\Jonas\My Documents\Titanium_Studio_Workspace\SausSingle\build\android\bin\assets\Resources\ui\handheld\android\ApplicationWindow.js
[TRACE] COPYING CREATED FILE: C:\Users\Jonas\My Documents\Titanium_Studio_Workspace\SausSingle\Resources\ui\handheld\ApplicationWindow.js => C:\Users\Jonas\My Documents\Titanium_Studio_Workspace\SausSingle\build\android\bin\assets\Resources\ui\handheld\ApplicationWindow.js
[TRACE] COPYING CREATED FILE: C:\Users\Jonas\My Documents\Titanium_Studio_Workspace\SausSingle\Resources\ui\tablet\ApplicationWindow.js => C:\Users\Jonas\My Documents\Titanium_Studio_Workspace\SausSingle\build\android\bin\assets\Resources\ui\tablet\ApplicationWindow.js
[TRACE] Generating Java Classes
[DEBUG] Processing Android resource drawables
[TRACE] COPYING FILE: C:\Users\Jonas\My Documents\Titanium_Studio_Workspace\SausSingle\Resources\android\images\res-long-land-hdpi\default.png => C:\Users\Jonas\My Documents\Titanium_Studio_Workspace\SausSingle\build\android\res\drawable-long-land-hdpi\default_d44e27d97b.png
[TRACE] COPYING FILE: C:\Users\Jonas\My Documents\Titanium_Studio_Workspace\SausSingle\Resources\android\images\res-long-land-ldpi\default.png => C:\Users\Jonas\My Documents\Titanium_Studio_Workspace\SausSingle\build\android\res\drawable-long-land-ldpi\default_d44e27d97b.png
[TRACE] COPYING FILE: C:\Users\Jonas\My Documents\Titanium_Studio_Workspace\SausSingle\Resources\android\images\res-long-port-hdpi\default.png => C:\Users\Jonas\My Documents\Titanium_Studio_Workspace\SausSingle\build\android\res\drawable-long-port-hdpi\default_d44e27d97b.png
[TRACE] COPYING FILE: C:\Users\Jonas\My Documents\Titanium_Studio_Workspace\SausSingle\Resources\android\images\res-long-port-ldpi\default.png => C:\Users\Jonas\My Documents\Titanium_Studio_Workspace\SausSingle\build\android\res\drawable-long-port-ldpi\default_d44e27d97b.png
[TRACE] COPYING FILE: C:\Users\Jonas\My Documents\Titanium_Studio_Workspace\SausSingle\Resources\android\images\res-notlong-land-hdpi\default.png => C:\Users\Jonas\My Documents\Titanium_Studio_Workspace\SausSingle\build\android\res\drawable-notlong-land-hdpi\default_d44e27d97b.png
[TRACE] COPYING FILE: C:\Users\Jonas\My Documents\Titanium_Studio_Workspace\SausSingle\Resources\android\images\res-notlong-land-ldpi\default.png => C:\Users\Jonas\My Documents\Titanium_Studio_Workspace\SausSingle\build\android\res\drawable-notlong-land-ldpi\default_d44e27d97b.png
[TRACE] COPYING FILE: C:\Users\Jonas\My Documents\Titanium_Studio_Workspace\SausSingle\Resources\android\images\res-notlong-land-mdpi\default.png => C:\Users\Jonas\My Documents\Titanium_Studio_Workspace\SausSingle\build\android\res\drawable-notlong-land-mdpi\default_d44e27d97b.png
[TRACE] COPYING FILE: C:\Users\Jonas\My Documents\Titanium_Studio_Workspace\SausSingle\Resources\android\images\res-notlong-port-hdpi\default.png => C:\Users\Jonas\My Documents\Titanium_Studio_Workspace\SausSingle\build\android\res\drawable-notlong-port-hdpi\default_d44e27d97b.png
[TRACE] COPYING FILE: C:\Users\Jonas\My Documents\Titanium_Studio_Workspace\SausSingle\Resources\android\images\res-notlong-port-ldpi\default.png => C:\Users\Jonas\My Documents\Titanium_Studio_Workspace\SausSingle\build\android\res\drawable-notlong-port-ldpi\default_d44e27d97b.png
[TRACE] COPYING FILE: C:\Users\Jonas\My Documents\Titanium_Studio_Workspace\SausSingle\Resources\android\images\res-notlong-port-mdpi\default.png => C:\Users\Jonas\My Documents\Titanium_Studio_Workspace\SausSingle\build\android\res\drawable-notlong-port-mdpi\default_d44e27d97b.png
[DEBUG] app stylesheet => C:\Users\Jonas\My Documents\Titanium_Studio_Workspace\SausSingle\build\android\gen\SausSingle\ApplicationStylesheet.java
[DEBUG] copying app icon: C:\Users\Jonas\My Documents\Titanium_Studio_Workspace\SausSingle\build\android\bin\assets\Resources\appicon.png
[DEBUG] generating theme.xml
[DEBUG] found drawable-long-land-hdpi splash screen at C:\Users\Jonas\My Documents\Titanium_Studio_Workspace\SausSingle\Resources\android\images\res-long-land-hdpi\default.png
[DEBUG] copying C:\Users\Jonas\My Documents\Titanium_Studio_Workspace\SausSingle\Resources\android\images\res-long-land-hdpi\default.png splash screen to C:\Users\Jonas\My Documents\Titanium_Studio_Workspace\SausSingle\build\android\res\drawable-long-land-hdpi\background.png
[DEBUG] found drawable-long-land-ldpi splash screen at C:\Users\Jonas\My Documents\Titanium_Studio_Workspace\SausSingle\Resources\android\images\res-long-land-ldpi\default.png
[DEBUG] copying C:\Users\Jonas\My Documents\Titanium_Studio_Workspace\SausSingle\Resources\android\images\res-long-land-ldpi\default.png splash screen to C:\Users\Jonas\My Documents\Titanium_Studio_Workspace\SausSingle\build\android\res\drawable-long-land-ldpi\background.png
[DEBUG] found drawable-long-port-hdpi splash screen at C:\Users\Jonas\My Documents\Titanium_Studio_Workspace\SausSingle\Resources\android\images\res-long-port-hdpi\default.png
[DEBUG] copying C:\Users\Jonas\My Documents\Titanium_Studio_Workspace\SausSingle\Resources\android\images\res-long-port-hdpi\default.png splash screen to C:\Users\Jonas\My Documents\Titanium_Studio_Workspace\SausSingle\build\android\res\drawable-long-port-hdpi\background.png
[DEBUG] found drawable-long-port-ldpi splash screen at C:\Users\Jonas\My Documents\Titanium_Studio_Workspace\SausSingle\Resources\android\images\res-long-port-ldpi\default.png
[DEBUG] copying C:\Users\Jonas\My Documents\Titanium_Studio_Workspace\SausSingle\Resources\android\images\res-long-port-ldpi\default.png splash screen to C:\Users\Jonas\My Documents\Titanium_Studio_Workspace\SausSingle\build\android\res\drawable-long-port-ldpi\background.png
[DEBUG] found drawable-notlong-land-hdpi splash screen at C:\Users\Jonas\My Documents\Titanium_Studio_Workspace\SausSingle\Resources\android\images\res-notlong-land-hdpi\default.png
[DEBUG] copying C:\Users\Jonas\My Documents\Titanium_Studio_Workspace\SausSingle\Resources\android\images\res-notlong-land-hdpi\default.png splash screen to C:\Users\Jonas\My Documents\Titanium_Studio_Workspace\SausSingle\build\android\res\drawable-notlong-land-hdpi\background.png
[DEBUG] found drawable-notlong-land-ldpi splash screen at C:\Users\Jonas\My Documents\Titanium_Studio_Workspace\SausSingle\Resources\android\images\res-notlong-land-ldpi\default.png
[DEBUG] copying C:\Users\Jonas\My Documents\Titanium_Studio_Workspace\SausSingle\Resources\android\images\res-notlong-land-ldpi\default.png splash screen to C:\Users\Jonas\My Documents\Titanium_Studio_Workspace\SausSingle\build\android\res\drawable-notlong-land-ldpi\background.png
[DEBUG] found drawable-notlong-land-mdpi splash screen at C:\Users\Jonas\My Documents\Titanium_Studio_Workspace\SausSingle\Resources\android\images\res-notlong-land-mdpi\default.png
[DEBUG] copying C:\Users\Jonas\My Documents\Titanium_Studio_Workspace\SausSingle\Resources\android\images\res-notlong-land-mdpi\default.png splash screen to C:\Users\Jonas\My Documents\Titanium_Studio_Workspace\SausSingle\build\android\res\drawable-notlong-land-mdpi\background.png
[DEBUG] found drawable-notlong-port-hdpi splash screen at C:\Users\Jonas\My Documents\Titanium_Studio_Workspace\SausSingle\Resources\android\images\res-notlong-port-hdpi\default.png
[DEBUG] copying C:\Users\Jonas\My Documents\Titanium_Studio_Workspace\SausSingle\Resources\android\images\res-notlong-port-hdpi\default.png splash screen to C:\Users\Jonas\My Documents\Titanium_Studio_Workspace\SausSingle\build\android\res\drawable-notlong-port-hdpi\background.png
[DEBUG] found drawable-notlong-port-ldpi splash screen at C:\Users\Jonas\My Documents\Titanium_Studio_Workspace\SausSingle\Resources\android\images\res-notlong-port-ldpi\default.png
[DEBUG] copying C:\Users\Jonas\My Documents\Titanium_Studio_Workspace\SausSingle\Resources\android\images\res-notlong-port-ldpi\default.png splash screen to C:\Users\Jonas\My Documents\Titanium_Studio_Workspace\SausSingle\build\android\res\drawable-notlong-port-ldpi\background.png
[DEBUG] found drawable-notlong-port-mdpi splash screen at C:\Users\Jonas\My Documents\Titanium_Studio_Workspace\SausSingle\Resources\android\images\res-notlong-port-mdpi\default.png
[DEBUG] copying C:\Users\Jonas\My Documents\Titanium_Studio_Workspace\SausSingle\Resources\android\images\res-notlong-port-mdpi\default.png splash screen to C:\Users\Jonas\My Documents\Titanium_Studio_Workspace\SausSingle\build\android\res\drawable-notlong-port-mdpi\background.png
[DEBUG] found splash screen at C:\Users\Jonas\My Documents\Titanium_Studio_Workspace\SausSingle\build\android\bin\assets\Resources\default.png
[TRACE] Writing out AndroidManifest.xml
[ERROR] Error generating R.java from manifest
